1716405322.055565 client started (59596): version 3.2a, socket /tmp/tmux-1000/default, protocol 8
1716405322.055674 on Linux 5.15.0-107-generic #117-Ubuntu SMP Fri Apr 26 12:26:49 UTC 2024
1716405322.055707 using libevent 2.1.12-stable (poll); ncurses 6.3
1716405322.055810 flags are 0x18010000
1716405322.055840 socket is /tmp/tmux-1000/default
1716405322.055892 trying connect
1716405322.056135 add peer 0x55dd0ca32cd0: 6 ((nil))
1716405322.057468 sending message 100 to peer 0x55dd0ca32cd0 (4 bytes)
1716405322.057539 sending message 111 to peer 0x55dd0ca32cd0 (8 bytes)
1716405322.057574 sending message 101 to peer 0x55dd0ca32cd0 (15 bytes)
1716405322.057606 sending message 109 to peer 0x55dd0ca32cd0 (4 bytes)
1716405322.057639 sending message 102 to peer 0x55dd0ca32cd0 (11 bytes)
1716405322.057672 sending message 108 to peer 0x55dd0ca32cd0 (34 bytes)
1716405322.057705 sending message 112 to peer 0x55dd0ca32cd0 (58 bytes)
1716405322.057739 sending message 112 to peer 0x55dd0ca32cd0 (5 bytes)
1716405322.057773 sending message 112 to peer 0x55dd0ca32cd0 (5 bytes)
1716405322.057806 sending message 112 to peer 0x55dd0ca32cd0 (6 bytes)
1716405322.057841 sending message 112 to peer 0x55dd0ca32cd0 (6 bytes)
1716405322.057874 sending message 112 to peer 0x55dd0ca32cd0 (11 bytes)
1716405322.057907 sending message 112 to peer 0x55dd0ca32cd0 (10 bytes)
1716405322.057942 sending message 112 to peer 0x55dd0ca32cd0 (13 bytes)
1716405322.057975 sending message 112 to peer 0x55dd0ca32cd0 (14 bytes)
1716405322.058009 sending message 112 to peer 0x55dd0ca32cd0 (19 bytes)
1716405322.058043 sending message 112 to peer 0x55dd0ca32cd0 (11 bytes)
1716405322.058076 sending message 112 to peer 0x55dd0ca32cd0 (10 bytes)
1716405322.058109 sending message 112 to peer 0x55dd0ca32cd0 (15 bytes)
1716405322.058142 sending message 112 to peer 0x55dd0ca32cd0 (21 bytes)
1716405322.058175 sending message 112 to peer 0x55dd0ca32cd0 (13 bytes)
1716405322.058208 sending message 112 to peer 0x55dd0ca32cd0 (7 bytes)
1716405322.058242 sending message 112 to peer 0x55dd0ca32cd0 (13 bytes)
1716405322.058275 sending message 112 to peer 0x55dd0ca32cd0 (7 bytes)
1716405322.058309 sending message 112 to peer 0x55dd0ca32cd0 (13 bytes)
1716405322.058342 sending message 112 to peer 0x55dd0ca32cd0 (9 bytes)
1716405322.058375 sending message 112 to peer 0x55dd0ca32cd0 (21 bytes)
1716405322.058408 sending message 112 to peer 0x55dd0ca32cd0 (13 bytes)
1716405322.058441 sending message 112 to peer 0x55dd0ca32cd0 (9 bytes)
1716405322.058474 sending message 112 to peer 0x55dd0ca32cd0 (16 bytes)
1716405322.058507 sending message 112 to peer 0x55dd0ca32cd0 (13 bytes)
1716405322.058540 sending message 112 to peer 0x55dd0ca32cd0 (9 bytes)
1716405322.058573 sending message 112 to peer 0x55dd0ca32cd0 (9 bytes)
1716405322.058606 sending message 112 to peer 0x55dd0ca32cd0 (12 bytes)
1716405322.058639 sending message 112 to peer 0x55dd0ca32cd0 (8 bytes)
1716405322.058672 sending message 112 to peer 0x55dd0ca32cd0 (8 bytes)
1716405322.058705 sending message 112 to peer 0x55dd0ca32cd0 (13 bytes)
1716405322.058738 sending message 112 to peer 0x55dd0ca32cd0 (7 bytes)
1716405322.058771 sending message 112 to peer 0x55dd0ca32cd0 (7 bytes)
1716405322.058804 sending message 112 to peer 0x55dd0ca32cd0 (9 bytes)
1716405322.058837 sending message 112 to peer 0x55dd0ca32cd0 (9 bytes)
1716405322.058870 sending message 112 to peer 0x55dd0ca32cd0 (15 bytes)
1716405322.058903 sending message 112 to peer 0x55dd0ca32cd0 (13 bytes)
1716405322.058936 sending message 112 to peer 0x55dd0ca32cd0 (12 bytes)
1716405322.058969 sending message 112 to peer 0x55dd0ca32cd0 (8 bytes)
1716405322.059002 sending message 112 to peer 0x55dd0ca32cd0 (14 bytes)
1716405322.059035 sending message 112 to peer 0x55dd0ca32cd0 (11 bytes)
1716405322.059069 sending message 112 to peer 0x55dd0ca32cd0 (9 bytes)
1716405322.059102 sending message 112 to peer 0x55dd0ca32cd0 (10 bytes)
1716405322.059135 sending message 112 to peer 0x55dd0ca32cd0 (10 bytes)
1716405322.059168 sending message 112 to peer 0x55dd0ca32cd0 (10 bytes)
1716405322.059201 sending message 112 to peer 0x55dd0ca32cd0 (10 bytes)
1716405322.059269 sending message 112 to peer 0x55dd0ca32cd0 (11 bytes)
1716405322.059305 sending message 112 to peer 0x55dd0ca32cd0 (12 bytes)
1716405322.059339 sending message 112 to peer 0x55dd0ca32cd0 (12 bytes)
1716405322.059372 sending message 112 to peer 0x55dd0ca32cd0 (12 bytes)
1716405322.059405 sending message 112 to peer 0x55dd0ca32cd0 (12 bytes)
1716405322.059439 sending message 112 to peer 0x55dd0ca32cd0 (12 bytes)
1716405322.059471 sending message 112 to peer 0x55dd0ca32cd0 (11 bytes)
1716405322.059504 sending message 112 to peer 0x55dd0ca32cd0 (11 bytes)
1716405322.059538 sending message 112 to peer 0x55dd0ca32cd0 (12 bytes)
1716405322.059571 sending message 112 to peer 0x55dd0ca32cd0 (12 bytes)
1716405322.059604 sending message 112 to peer 0x55dd0ca32cd0 (12 bytes)
1716405322.059638 sending message 112 to peer 0x55dd0ca32cd0 (12 bytes)
1716405322.059671 sending message 112 to peer 0x55dd0ca32cd0 (12 bytes)
1716405322.059704 sending message 112 to peer 0x55dd0ca32cd0 (9 bytes)
1716405322.059738 sending message 112 to peer 0x55dd0ca32cd0 (12 bytes)
1716405322.059771 sending message 112 to peer 0x55dd0ca32cd0 (13 bytes)
1716405322.059805 sending message 112 to peer 0x55dd0ca32cd0 (13 bytes)
1716405322.059838 sending message 112 to peer 0x55dd0ca32cd0 (13 bytes)
1716405322.059871 sending message 112 to peer 0x55dd0ca32cd0 (13 bytes)
1716405322.059904 sending message 112 to peer 0x55dd0ca32cd0 (13 bytes)
1716405322.059938 sending message 112 to peer 0x55dd0ca32cd0 (8 bytes)
1716405322.059971 sending message 112 to peer 0x55dd0ca32cd0 (11 bytes)
1716405322.060004 sending message 112 to peer 0x55dd0ca32cd0 (11 bytes)
1716405322.060037 sending message 112 to peer 0x55dd0ca32cd0 (11 bytes)
1716405322.060070 sending message 112 to peer 0x55dd0ca32cd0 (12 bytes)
1716405322.060103 sending message 112 to peer 0x55dd0ca32cd0 (12 bytes)
1716405322.060136 sending message 112 to peer 0x55dd0ca32cd0 (12 bytes)
1716405322.060169 sending message 112 to peer 0x55dd0ca32cd0 (12 bytes)
1716405322.060202 sending message 112 to peer 0x55dd0ca32cd0 (13 bytes)
1716405322.060235 sending message 112 to peer 0x55dd0ca32cd0 (13 bytes)
1716405322.060268 sending message 112 to peer 0x55dd0ca32cd0 (13 bytes)
1716405322.060302 sending message 112 to peer 0x55dd0ca32cd0 (8 bytes)
1716405322.060335 sending message 112 to peer 0x55dd0ca32cd0 (13 bytes)
1716405322.060369 sending message 112 to peer 0x55dd0ca32cd0 (13 bytes)
1716405322.060401 sending message 112 to peer 0x55dd0ca32cd0 (13 bytes)
1716405322.060434 sending message 112 to peer 0x55dd0ca32cd0 (13 bytes)
1716405322.060468 sending message 112 to peer 0x55dd0ca32cd0 (13 bytes)
1716405322.060501 sending message 112 to peer 0x55dd0ca32cd0 (12 bytes)
1716405322.060534 sending message 112 to peer 0x55dd0ca32cd0 (12 bytes)
1716405322.060567 sending message 112 to peer 0x55dd0ca32cd0 (12 bytes)
1716405322.060600 sending message 112 to peer 0x55dd0ca32cd0 (12 bytes)
1716405322.060633 sending message 112 to peer 0x55dd0ca32cd0 (13 bytes)
1716405322.060666 sending message 112 to peer 0x55dd0ca32cd0 (8 bytes)
1716405322.060700 sending message 112 to peer 0x55dd0ca32cd0 (13 bytes)
1716405322.060733 sending message 112 to peer 0x55dd0ca32cd0 (13 bytes)
1716405322.060766 sending message 112 to peer 0x55dd0ca32cd0 (13 bytes)
1716405322.060799 sending message 112 to peer 0x55dd0ca32cd0 (13 bytes)
1716405322.060832 sending message 112 to peer 0x55dd0ca32cd0 (13 bytes)
1716405322.060865 sending message 112 to peer 0x55dd0ca32cd0 (13 bytes)
1716405322.060898 sending message 112 to peer 0x55dd0ca32cd0 (13 bytes)
1716405322.060931 sending message 112 to peer 0x55dd0ca32cd0 (12 bytes)
1716405322.060965 sending message 112 to peer 0x55dd0ca32cd0 (12 bytes)
1716405322.060998 sending message 112 to peer 0x55dd0ca32cd0 (12 bytes)
1716405322.061032 sending message 112 to peer 0x55dd0ca32cd0 (8 bytes)
1716405322.061064 sending message 112 to peer 0x55dd0ca32cd0 (12 bytes)
1716405322.061098 sending message 112 to peer 0x55dd0ca32cd0 (13 bytes)
1716405322.061131 sending message 112 to peer 0x55dd0ca32cd0 (13 bytes)
1716405322.061203 sending message 112 to peer 0x55dd0ca32cd0 (13 bytes)
1716405322.061237 sending message 112 to peer 0x55dd0ca32cd0 (13 bytes)
1716405322.061270 sending message 112 to peer 0x55dd0ca32cd0 (13 bytes)
1716405322.061304 sending message 112 to peer 0x55dd0ca32cd0 (13 bytes)
1716405322.061337 sending message 112 to peer 0x55dd0ca32cd0 (13 bytes)
1716405322.061370 sending message 112 to peer 0x55dd0ca32cd0 (13 bytes)
1716405322.061403 sending message 112 to peer 0x55dd0ca32cd0 (12 bytes)
1716405322.061444 sending message 112 to peer 0x55dd0ca32cd0 (10 bytes)
1716405322.061477 sending message 112 to peer 0x55dd0ca32cd0 (12 bytes)
1716405322.061510 sending message 112 to peer 0x55dd0ca32cd0 (12 bytes)
1716405322.061549 sending message 112 to peer 0x55dd0ca32cd0 (12 bytes)
1716405322.061581 sending message 112 to peer 0x55dd0ca32cd0 (13 bytes)
1716405322.061613 sending message 112 to peer 0x55dd0ca32cd0 (13 bytes)
1716405322.061645 sending message 112 to peer 0x55dd0ca32cd0 (13 bytes)
1716405322.061677 sending message 112 to peer 0x55dd0ca32cd0 (13 bytes)
1716405322.061709 sending message 112 to peer 0x55dd0ca32cd0 (13 bytes)
1716405322.061740 sending message 112 to peer 0x55dd0ca32cd0 (13 bytes)
1716405322.061771 sending message 112 to peer 0x55dd0ca32cd0 (13 bytes)
1716405322.061803 sending message 112 to peer 0x55dd0ca32cd0 (10 bytes)
1716405322.061835 sending message 112 to peer 0x55dd0ca32cd0 (13 bytes)
1716405322.061866 sending message 112 to peer 0x55dd0ca32cd0 (12 bytes)
1716405322.061898 sending message 112 to peer 0x55dd0ca32cd0 (12 bytes)
1716405322.061930 sending message 112 to peer 0x55dd0ca32cd0 (12 bytes)
1716405322.061961 sending message 112 to peer 0x55dd0ca32cd0 (10 bytes)
1716405322.061993 sending message 112 to peer 0x55dd0ca32cd0 (10 bytes)
1716405322.062024 sending message 112 to peer 0x55dd0ca32cd0 (10 bytes)
1716405322.062055 sending message 112 to peer 0x55dd0ca32cd0 (12 bytes)
1716405322.062087 sending message 112 to peer 0x55dd0ca32cd0 (13 bytes)
1716405322.062119 sending message 112 to peer 0x55dd0ca32cd0 (13 bytes)
1716405322.062150 sending message 112 to peer 0x55dd0ca32cd0 (13 bytes)
1716405322.062182 sending message 112 to peer 0x55dd0ca32cd0 (13 bytes)
1716405322.062213 sending message 112 to peer 0x55dd0ca32cd0 (13 bytes)
1716405322.062245 sending message 112 to peer 0x55dd0ca32cd0 (10 bytes)
1716405322.062277 sending message 112 to peer 0x55dd0ca32cd0 (11 bytes)
1716405322.062309 sending message 112 to peer 0x55dd0ca32cd0 (12 bytes)
1716405322.062340 sending message 112 to peer 0x55dd0ca32cd0 (12 bytes)
1716405322.062372 sending message 112 to peer 0x55dd0ca32cd0 (12 bytes)
1716405322.062403 sending message 112 to peer 0x55dd0ca32cd0 (12 bytes)
1716405322.062435 sending message 112 to peer 0x55dd0ca32cd0 (12 bytes)
1716405322.062466 sending message 112 to peer 0x55dd0ca32cd0 (11 bytes)
1716405322.062497 sending message 112 to peer 0x55dd0ca32cd0 (12 bytes)
1716405322.062529 sending message 112 to peer 0x55dd0ca32cd0 (12 bytes)
1716405322.062560 sending message 112 to peer 0x55dd0ca32cd0 (13 bytes)
1716405322.062591 sending message 112 to peer 0x55dd0ca32cd0 (13 bytes)
1716405322.062623 sending message 112 to peer 0x55dd0ca32cd0 (13 bytes)
1716405322.062654 sending message 112 to peer 0x55dd0ca32cd0 (13 bytes)
1716405322.062685 sending message 112 to peer 0x55dd0ca32cd0 (13 bytes)
1716405322.062716 sending message 112 to peer 0x55dd0ca32cd0 (10 bytes)
1716405322.062747 sending message 112 to peer 0x55dd0ca32cd0 (9 bytes)
1716405322.062779 sending message 112 to peer 0x55dd0ca32cd0 (12 bytes)
1716405322.062810 sending message 112 to peer 0x55dd0ca32cd0 (13 bytes)
1716405322.062842 sending message 112 to peer 0x55dd0ca32cd0 (13 bytes)
1716405322.062899 sending message 112 to peer 0x55dd0ca32cd0 (13 bytes)
1716405322.062938 sending message 112 to peer 0x55dd0ca32cd0 (13 bytes)
1716405322.062969 sending message 112 to peer 0x55dd0ca32cd0 (13 bytes)
1716405322.063000 sending message 112 to peer 0x55dd0ca32cd0 (9 bytes)
1716405322.063031 sending message 112 to peer 0x55dd0ca32cd0 (12 bytes)
1716405322.063087 sending message 112 to peer 0x55dd0ca32cd0 (13 bytes)
1716405322.063118 sending message 112 to peer 0x55dd0ca32cd0 (13 bytes)
1716405322.063150 sending message 112 to peer 0x55dd0ca32cd0 (13 bytes)
1716405322.063181 sending message 112 to peer 0x55dd0ca32cd0 (13 bytes)
1716405322.063212 sending message 112 to peer 0x55dd0ca32cd0 (13 bytes)
1716405322.063244 sending message 112 to peer 0x55dd0ca32cd0 (11 bytes)
1716405322.063274 sending message 112 to peer 0x55dd0ca32cd0 (12 bytes)
1716405322.063306 sending message 112 to peer 0x55dd0ca32cd0 (13 bytes)
1716405322.063337 sending message 112 to peer 0x55dd0ca32cd0 (13 bytes)
1716405322.063368 sending message 112 to peer 0x55dd0ca32cd0 (13 bytes)
1716405322.063399 sending message 112 to peer 0x55dd0ca32cd0 (13 bytes)
1716405322.063431 sending message 112 to peer 0x55dd0ca32cd0 (13 bytes)
1716405322.063462 sending message 112 to peer 0x55dd0ca32cd0 (11 bytes)
1716405322.063493 sending message 112 to peer 0x55dd0ca32cd0 (12 bytes)
1716405322.063524 sending message 112 to peer 0x55dd0ca32cd0 (12 bytes)
1716405322.063555 sending message 112 to peer 0x55dd0ca32cd0 (12 bytes)
1716405322.063587 sending message 112 to peer 0x55dd0ca32cd0 (12 bytes)
1716405322.063618 sending message 112 to peer 0x55dd0ca32cd0 (12 bytes)
1716405322.063649 sending message 112 to peer 0x55dd0ca32cd0 (21 bytes)
1716405322.063681 sending message 112 to peer 0x55dd0ca32cd0 (12 bytes)
1716405322.063712 sending message 112 to peer 0x55dd0ca32cd0 (9 bytes)
1716405322.063744 sending message 112 to peer 0x55dd0ca32cd0 (6 bytes)
1716405322.063775 sending message 112 to peer 0x55dd0ca32cd0 (13 bytes)
1716405322.063806 sending message 112 to peer 0x55dd0ca32cd0 (10 bytes)
1716405322.063838 sending message 112 to peer 0x55dd0ca32cd0 (24 bytes)
1716405322.063869 sending message 112 to peer 0x55dd0ca32cd0 (13 bytes)
1716405322.063901 sending message 112 to peer 0x55dd0ca32cd0 (9 bytes)
1716405322.063934 sending message 112 to peer 0x55dd0ca32cd0 (70 bytes)
1716405322.063966 sending message 112 to peer 0x55dd0ca32cd0 (69 bytes)
1716405322.063997 sending message 112 to peer 0x55dd0ca32cd0 (12 bytes)
1716405322.064028 sending message 112 to peer 0x55dd0ca32cd0 (10 bytes)
1716405322.064060 sending message 112 to peer 0x55dd0ca32cd0 (10 bytes)
1716405322.064091 sending message 112 to peer 0x55dd0ca32cd0 (24 bytes)
1716405322.064123 sending message 112 to peer 0x55dd0ca32cd0 (13 bytes)
1716405322.064154 sending message 112 to peer 0x55dd0ca32cd0 (10 bytes)
1716405322.064186 sending message 112 to peer 0x55dd0ca32cd0 (10 bytes)
1716405322.064217 sending message 112 to peer 0x55dd0ca32cd0 (10 bytes)
1716405322.064248 sending message 112 to peer 0x55dd0ca32cd0 (13 bytes)
1716405322.064281 sending message 112 to peer 0x55dd0ca32cd0 (15 bytes)
1716405322.064312 sending message 112 to peer 0x55dd0ca32cd0 (5 bytes)
1716405322.064349 sending message 104 to peer 0x55dd0ca32cd0 (0 bytes)
1716405322.064384 sending message 110 to peer 0x55dd0ca32cd0 (0 bytes)
1716405322.064420 sending message 107 to peer 0x55dd0ca32cd0 (4 bytes)
1716405322.064451 sending message 105 to peer 0x55dd0ca32cd0 (16 bytes)
1716405322.064483 sending message 105 to peer 0x55dd0ca32cd0 (19 bytes)
1716405322.064514 sending message 105 to peer 0x55dd0ca32cd0 (22 bytes)
1716405322.064546 sending message 105 to peer 0x55dd0ca32cd0 (104 bytes)
1716405322.064577 sending message 105 to peer 0x55dd0ca32cd0 (19 bytes)
1716405322.064608 sending message 105 to peer 0x55dd0ca32cd0 (20 bytes)
1716405322.064640 sending message 105 to peer 0x55dd0ca32cd0 (17 bytes)
1716405322.064671 sending message 105 to peer 0x55dd0ca32cd0 (31 bytes)
1716405322.064702 sending message 105 to peer 0x55dd0ca32cd0 (54 bytes)
1716405322.064734 sending message 105 to peer 0x55dd0ca32cd0 (21 bytes)
1716405322.064766 sending message 105 to peer 0x55dd0ca32cd0 (23 bytes)
1716405322.064797 sending message 105 to peer 0x55dd0ca32cd0 (15 bytes)
1716405322.064829 sending message 105 to peer 0x55dd0ca32cd0 (13 bytes)
1716405322.064860 sending message 105 to peer 0x55dd0ca32cd0 (32 bytes)
1716405322.064914 sending message 105 to peer 0x55dd0ca32cd0 (50 bytes)
1716405322.064946 sending message 105 to peer 0x55dd0ca32cd0 (19 bytes)
1716405322.064977 sending message 105 to peer 0x55dd0ca32cd0 (8 bytes)
1716405322.065009 sending message 105 to peer 0x55dd0ca32cd0 (38 bytes)
1716405322.065041 sending message 105 to peer 0x55dd0ca32cd0 (47 bytes)
1716405322.065073 sending message 105 to peer 0x55dd0ca32cd0 (32 bytes)
1716405322.065104 sending message 105 to peer 0x55dd0ca32cd0 (11 bytes)
1716405322.065135 sending message 105 to peer 0x55dd0ca32cd0 (8 bytes)
1716405322.065167 sending message 105 to peer 0x55dd0ca32cd0 (32 bytes)
1716405322.065213 sending message 105 to peer 0x55dd0ca32cd0 (1519 bytes)
1716405322.065254 sending message 105 to peer 0x55dd0ca32cd0 (16 bytes)
1716405322.065286 sending message 106 to peer 0x55dd0ca32cd0 (0 bytes)
1716405322.065344 sending message 200 to peer 0x55dd0ca32cd0 (4 bytes)
1716405322.065374 client loop enter
1716405322.087602 peer 0x55dd0ca32cd0 message 207
1716405322.087664 sending message 208 to peer 0x55dd0ca32cd0 (0 bytes)
1716405324.150473 peer 0x55dd0ca32cd0 message 203
1716405324.150554 sending message 205 to peer 0x55dd0ca32cd0 (0 bytes)
1716405324.152426 peer 0x55dd0ca32cd0 message 204
1716405324.152477 client loop exit
