1716405317.526328 client started (59538): version 3.2a, socket /tmp/tmux-1000/default, protocol 8
1716405317.526447 on Linux 5.15.0-107-generic #117-Ubuntu SMP Fri Apr 26 12:26:49 UTC 2024
1716405317.526481 using libevent 2.1.12-stable (poll); ncurses 6.3
1716405317.526581 flags are 0x10010000
1716405317.526612 socket is /tmp/tmux-1000/default
1716405317.526662 trying connect
1716405317.526912 add peer 0x55b702fec130: 6 ((nil))
1716405317.528127 sending message 100 to peer 0x55b702fec130 (4 bytes)
1716405317.528187 sending message 111 to peer 0x55b702fec130 (8 bytes)
1716405317.528222 sending message 101 to peer 0x55b702fec130 (14 bytes)
1716405317.528256 sending message 109 to peer 0x55b702fec130 (4 bytes)
1716405317.528290 sending message 102 to peer 0x55b702fec130 (11 bytes)
1716405317.528325 sending message 108 to peer 0x55b702fec130 (34 bytes)
1716405317.528358 sending message 112 to peer 0x55b702fec130 (70 bytes)
1716405317.528393 sending message 112 to peer 0x55b702fec130 (5 bytes)
1716405317.528427 sending message 112 to peer 0x55b702fec130 (5 bytes)
1716405317.528462 sending message 112 to peer 0x55b702fec130 (6 bytes)
1716405317.528496 sending message 112 to peer 0x55b702fec130 (6 bytes)
1716405317.528530 sending message 112 to peer 0x55b702fec130 (11 bytes)
1716405317.528565 sending message 112 to peer 0x55b702fec130 (10 bytes)
1716405317.528600 sending message 112 to peer 0x55b702fec130 (13 bytes)
1716405317.528634 sending message 112 to peer 0x55b702fec130 (13 bytes)
1716405317.528669 sending message 112 to peer 0x55b702fec130 (18 bytes)
1716405317.528703 sending message 112 to peer 0x55b702fec130 (11 bytes)
1716405317.528738 sending message 112 to peer 0x55b702fec130 (10 bytes)
1716405317.528772 sending message 112 to peer 0x55b702fec130 (15 bytes)
1716405317.528807 sending message 112 to peer 0x55b702fec130 (21 bytes)
1716405317.528855 sending message 112 to peer 0x55b702fec130 (13 bytes)
1716405317.528890 sending message 112 to peer 0x55b702fec130 (7 bytes)
1716405317.528925 sending message 112 to peer 0x55b702fec130 (13 bytes)
1716405317.528960 sending message 112 to peer 0x55b702fec130 (7 bytes)
1716405317.528995 sending message 112 to peer 0x55b702fec130 (13 bytes)
1716405317.529029 sending message 112 to peer 0x55b702fec130 (9 bytes)
1716405317.529064 sending message 112 to peer 0x55b702fec130 (21 bytes)
1716405317.529098 sending message 112 to peer 0x55b702fec130 (13 bytes)
1716405317.529132 sending message 112 to peer 0x55b702fec130 (8 bytes)
1716405317.529167 sending message 112 to peer 0x55b702fec130 (12 bytes)
1716405317.529237 sending message 112 to peer 0x55b702fec130 (13 bytes)
1716405317.529272 sending message 112 to peer 0x55b702fec130 (9 bytes)
1716405317.529306 sending message 112 to peer 0x55b702fec130 (9 bytes)
1716405317.529340 sending message 112 to peer 0x55b702fec130 (12 bytes)
1716405317.529374 sending message 112 to peer 0x55b702fec130 (8 bytes)
1716405317.529415 sending message 112 to peer 0x55b702fec130 (8 bytes)
1716405317.529448 sending message 112 to peer 0x55b702fec130 (7 bytes)
1716405317.529481 sending message 112 to peer 0x55b702fec130 (7 bytes)
1716405317.529515 sending message 112 to peer 0x55b702fec130 (9 bytes)
1716405317.529548 sending message 112 to peer 0x55b702fec130 (13 bytes)
1716405317.529580 sending message 112 to peer 0x55b702fec130 (6 bytes)
1716405317.529613 sending message 112 to peer 0x55b702fec130 (9 bytes)
1716405317.529646 sending message 112 to peer 0x55b702fec130 (15 bytes)
1716405317.529679 sending message 112 to peer 0x55b702fec130 (13 bytes)
1716405317.529712 sending message 112 to peer 0x55b702fec130 (12 bytes)
1716405317.529744 sending message 112 to peer 0x55b702fec130 (8 bytes)
1716405317.529777 sending message 112 to peer 0x55b702fec130 (14 bytes)
1716405317.529810 sending message 112 to peer 0x55b702fec130 (11 bytes)
1716405317.529843 sending message 112 to peer 0x55b702fec130 (9 bytes)
1716405317.529875 sending message 112 to peer 0x55b702fec130 (10 bytes)
1716405317.529908 sending message 112 to peer 0x55b702fec130 (10 bytes)
1716405317.529940 sending message 112 to peer 0x55b702fec130 (10 bytes)
1716405317.530011 sending message 112 to peer 0x55b702fec130 (10 bytes)
1716405317.530045 sending message 112 to peer 0x55b702fec130 (11 bytes)
1716405317.530078 sending message 112 to peer 0x55b702fec130 (12 bytes)
1716405317.530111 sending message 112 to peer 0x55b702fec130 (12 bytes)
1716405317.530143 sending message 112 to peer 0x55b702fec130 (12 bytes)
1716405317.530177 sending message 112 to peer 0x55b702fec130 (12 bytes)
1716405317.530209 sending message 112 to peer 0x55b702fec130 (12 bytes)
1716405317.530242 sending message 112 to peer 0x55b702fec130 (11 bytes)
1716405317.530275 sending message 112 to peer 0x55b702fec130 (11 bytes)
1716405317.530307 sending message 112 to peer 0x55b702fec130 (12 bytes)
1716405317.530340 sending message 112 to peer 0x55b702fec130 (12 bytes)
1716405317.530374 sending message 112 to peer 0x55b702fec130 (12 bytes)
1716405317.530406 sending message 112 to peer 0x55b702fec130 (12 bytes)
1716405317.530439 sending message 112 to peer 0x55b702fec130 (12 bytes)
1716405317.530472 sending message 112 to peer 0x55b702fec130 (10 bytes)
1716405317.530505 sending message 112 to peer 0x55b702fec130 (12 bytes)
1716405317.530538 sending message 112 to peer 0x55b702fec130 (13 bytes)
1716405317.530571 sending message 112 to peer 0x55b702fec130 (13 bytes)
1716405317.530604 sending message 112 to peer 0x55b702fec130 (13 bytes)
1716405317.530637 sending message 112 to peer 0x55b702fec130 (13 bytes)
1716405317.530669 sending message 112 to peer 0x55b702fec130 (13 bytes)
1716405317.530702 sending message 112 to peer 0x55b702fec130 (8 bytes)
1716405317.530735 sending message 112 to peer 0x55b702fec130 (11 bytes)
1716405317.530767 sending message 112 to peer 0x55b702fec130 (11 bytes)
1716405317.530800 sending message 112 to peer 0x55b702fec130 (11 bytes)
1716405317.530833 sending message 112 to peer 0x55b702fec130 (12 bytes)
1716405317.530866 sending message 112 to peer 0x55b702fec130 (12 bytes)
1716405317.530900 sending message 112 to peer 0x55b702fec130 (12 bytes)
1716405317.530932 sending message 112 to peer 0x55b702fec130 (12 bytes)
1716405317.530965 sending message 112 to peer 0x55b702fec130 (13 bytes)
1716405317.530998 sending message 112 to peer 0x55b702fec130 (13 bytes)
1716405317.531030 sending message 112 to peer 0x55b702fec130 (13 bytes)
1716405317.531063 sending message 112 to peer 0x55b702fec130 (8 bytes)
1716405317.531095 sending message 112 to peer 0x55b702fec130 (13 bytes)
1716405317.531127 sending message 112 to peer 0x55b702fec130 (13 bytes)
1716405317.531160 sending message 112 to peer 0x55b702fec130 (13 bytes)
1716405317.531192 sending message 112 to peer 0x55b702fec130 (13 bytes)
1716405317.531225 sending message 112 to peer 0x55b702fec130 (13 bytes)
1716405317.531258 sending message 112 to peer 0x55b702fec130 (12 bytes)
1716405317.531290 sending message 112 to peer 0x55b702fec130 (12 bytes)
1716405317.531324 sending message 112 to peer 0x55b702fec130 (12 bytes)
1716405317.531357 sending message 112 to peer 0x55b702fec130 (12 bytes)
1716405317.531390 sending message 112 to peer 0x55b702fec130 (13 bytes)
1716405317.531423 sending message 112 to peer 0x55b702fec130 (8 bytes)
1716405317.531456 sending message 112 to peer 0x55b702fec130 (13 bytes)
1716405317.531489 sending message 112 to peer 0x55b702fec130 (13 bytes)
1716405317.531522 sending message 112 to peer 0x55b702fec130 (13 bytes)
1716405317.531554 sending message 112 to peer 0x55b702fec130 (13 bytes)
1716405317.531588 sending message 112 to peer 0x55b702fec130 (13 bytes)
1716405317.531620 sending message 112 to peer 0x55b702fec130 (13 bytes)
1716405317.531653 sending message 112 to peer 0x55b702fec130 (13 bytes)
1716405317.531685 sending message 112 to peer 0x55b702fec130 (12 bytes)
1716405317.531718 sending message 112 to peer 0x55b702fec130 (12 bytes)
1716405317.531751 sending message 112 to peer 0x55b702fec130 (12 bytes)
1716405317.531784 sending message 112 to peer 0x55b702fec130 (8 bytes)
1716405317.531817 sending message 112 to peer 0x55b702fec130 (12 bytes)
1716405317.531850 sending message 112 to peer 0x55b702fec130 (13 bytes)
1716405317.531908 sending message 112 to peer 0x55b702fec130 (13 bytes)
1716405317.531942 sending message 112 to peer 0x55b702fec130 (13 bytes)
1716405317.531975 sending message 112 to peer 0x55b702fec130 (13 bytes)
1716405317.532008 sending message 112 to peer 0x55b702fec130 (13 bytes)
1716405317.532041 sending message 112 to peer 0x55b702fec130 (13 bytes)
1716405317.532074 sending message 112 to peer 0x55b702fec130 (13 bytes)
1716405317.532107 sending message 112 to peer 0x55b702fec130 (13 bytes)
1716405317.532140 sending message 112 to peer 0x55b702fec130 (12 bytes)
1716405317.532172 sending message 112 to peer 0x55b702fec130 (10 bytes)
1716405317.532205 sending message 112 to peer 0x55b702fec130 (12 bytes)
1716405317.532238 sending message 112 to peer 0x55b702fec130 (12 bytes)
1716405317.532271 sending message 112 to peer 0x55b702fec130 (12 bytes)
1716405317.532303 sending message 112 to peer 0x55b702fec130 (13 bytes)
1716405317.532336 sending message 112 to peer 0x55b702fec130 (13 bytes)
1716405317.532369 sending message 112 to peer 0x55b702fec130 (13 bytes)
1716405317.532402 sending message 112 to peer 0x55b702fec130 (13 bytes)
1716405317.532435 sending message 112 to peer 0x55b702fec130 (13 bytes)
1716405317.532468 sending message 112 to peer 0x55b702fec130 (13 bytes)
1716405317.532500 sending message 112 to peer 0x55b702fec130 (13 bytes)
1716405317.532533 sending message 112 to peer 0x55b702fec130 (10 bytes)
1716405317.532566 sending message 112 to peer 0x55b702fec130 (13 bytes)
1716405317.532599 sending message 112 to peer 0x55b702fec130 (12 bytes)
1716405317.532632 sending message 112 to peer 0x55b702fec130 (12 bytes)
1716405317.532665 sending message 112 to peer 0x55b702fec130 (12 bytes)
1716405317.532697 sending message 112 to peer 0x55b702fec130 (10 bytes)
1716405317.532730 sending message 112 to peer 0x55b702fec130 (10 bytes)
1716405317.532763 sending message 112 to peer 0x55b702fec130 (10 bytes)
1716405317.532796 sending message 112 to peer 0x55b702fec130 (12 bytes)
1716405317.532828 sending message 112 to peer 0x55b702fec130 (13 bytes)
1716405317.532861 sending message 112 to peer 0x55b702fec130 (13 bytes)
1716405317.532894 sending message 112 to peer 0x55b702fec130 (13 bytes)
1716405317.532926 sending message 112 to peer 0x55b702fec130 (13 bytes)
1716405317.532958 sending message 112 to peer 0x55b702fec130 (13 bytes)
1716405317.532991 sending message 112 to peer 0x55b702fec130 (11 bytes)
1716405317.533024 sending message 112 to peer 0x55b702fec130 (11 bytes)
1716405317.533056 sending message 112 to peer 0x55b702fec130 (12 bytes)
1716405317.533089 sending message 112 to peer 0x55b702fec130 (12 bytes)
1716405317.533122 sending message 112 to peer 0x55b702fec130 (12 bytes)
1716405317.533154 sending message 112 to peer 0x55b702fec130 (12 bytes)
1716405317.533201 sending message 112 to peer 0x55b702fec130 (12 bytes)
1716405317.533269 sending message 112 to peer 0x55b702fec130 (11 bytes)
1716405317.533308 sending message 112 to peer 0x55b702fec130 (12 bytes)
1716405317.533341 sending message 112 to peer 0x55b702fec130 (12 bytes)
1716405317.533380 sending message 112 to peer 0x55b702fec130 (13 bytes)
1716405317.533413 sending message 112 to peer 0x55b702fec130 (13 bytes)
1716405317.533444 sending message 112 to peer 0x55b702fec130 (13 bytes)
1716405317.533475 sending message 112 to peer 0x55b702fec130 (13 bytes)
1716405317.533506 sending message 112 to peer 0x55b702fec130 (13 bytes)
1716405317.533537 sending message 112 to peer 0x55b702fec130 (10 bytes)
1716405317.533568 sending message 112 to peer 0x55b702fec130 (9 bytes)
1716405317.533599 sending message 112 to peer 0x55b702fec130 (12 bytes)
1716405317.533630 sending message 112 to peer 0x55b702fec130 (13 bytes)
1716405317.533661 sending message 112 to peer 0x55b702fec130 (13 bytes)
1716405317.533692 sending message 112 to peer 0x55b702fec130 (13 bytes)
1716405317.533723 sending message 112 to peer 0x55b702fec130 (13 bytes)
1716405317.533754 sending message 112 to peer 0x55b702fec130 (13 bytes)
1716405317.533785 sending message 112 to peer 0x55b702fec130 (9 bytes)
1716405317.533840 sending message 112 to peer 0x55b702fec130 (12 bytes)
1716405317.533871 sending message 112 to peer 0x55b702fec130 (13 bytes)
1716405317.533902 sending message 112 to peer 0x55b702fec130 (13 bytes)
1716405317.533933 sending message 112 to peer 0x55b702fec130 (13 bytes)
1716405317.533964 sending message 112 to peer 0x55b702fec130 (13 bytes)
1716405317.533995 sending message 112 to peer 0x55b702fec130 (13 bytes)
1716405317.534026 sending message 112 to peer 0x55b702fec130 (11 bytes)
1716405317.534057 sending message 112 to peer 0x55b702fec130 (12 bytes)
1716405317.534089 sending message 112 to peer 0x55b702fec130 (13 bytes)
1716405317.534121 sending message 112 to peer 0x55b702fec130 (13 bytes)
1716405317.534152 sending message 112 to peer 0x55b702fec130 (13 bytes)
1716405317.534183 sending message 112 to peer 0x55b702fec130 (13 bytes)
1716405317.534214 sending message 112 to peer 0x55b702fec130 (13 bytes)
1716405317.534245 sending message 112 to peer 0x55b702fec130 (11 bytes)
1716405317.534276 sending message 112 to peer 0x55b702fec130 (12 bytes)
1716405317.534307 sending message 112 to peer 0x55b702fec130 (12 bytes)
1716405317.534338 sending message 112 to peer 0x55b702fec130 (12 bytes)
1716405317.534369 sending message 112 to peer 0x55b702fec130 (12 bytes)
1716405317.534400 sending message 112 to peer 0x55b702fec130 (12 bytes)
1716405317.534431 sending message 112 to peer 0x55b702fec130 (21 bytes)
1716405317.534464 sending message 112 to peer 0x55b702fec130 (12 bytes)
1716405317.534496 sending message 112 to peer 0x55b702fec130 (9 bytes)
1716405317.534526 sending message 112 to peer 0x55b702fec130 (6 bytes)
1716405317.534558 sending message 112 to peer 0x55b702fec130 (8 bytes)
1716405317.534589 sending message 112 to peer 0x55b702fec130 (15 bytes)
1716405317.534620 sending message 112 to peer 0x55b702fec130 (13 bytes)
1716405317.534651 sending message 112 to peer 0x55b702fec130 (9 bytes)
1716405317.534682 sending message 112 to peer 0x55b702fec130 (70 bytes)
1716405317.534713 sending message 112 to peer 0x55b702fec130 (69 bytes)
1716405317.534744 sending message 112 to peer 0x55b702fec130 (10 bytes)
1716405317.534776 sending message 112 to peer 0x55b702fec130 (10 bytes)
1716405317.534807 sending message 112 to peer 0x55b702fec130 (8 bytes)
1716405317.534838 sending message 112 to peer 0x55b702fec130 (15 bytes)
1716405317.534869 sending message 112 to peer 0x55b702fec130 (13 bytes)
1716405317.534900 sending message 112 to peer 0x55b702fec130 (10 bytes)
1716405317.534931 sending message 112 to peer 0x55b702fec130 (10 bytes)
1716405317.534963 sending message 112 to peer 0x55b702fec130 (17 bytes)
1716405317.534994 sending message 112 to peer 0x55b702fec130 (10 bytes)
1716405317.535025 sending message 112 to peer 0x55b702fec130 (13 bytes)
1716405317.535056 sending message 112 to peer 0x55b702fec130 (9 bytes)
1716405317.535087 sending message 112 to peer 0x55b702fec130 (5 bytes)
1716405317.535118 sending message 112 to peer 0x55b702fec130 (15 bytes)
1716405317.535156 sending message 104 to peer 0x55b702fec130 (0 bytes)
1716405317.535191 sending message 110 to peer 0x55b702fec130 (0 bytes)
1716405317.535226 sending message 107 to peer 0x55b702fec130 (4 bytes)
1716405317.535257 sending message 105 to peer 0x55b702fec130 (54 bytes)
1716405317.535289 sending message 105 to peer 0x55b702fec130 (22 bytes)
1716405317.535320 sending message 105 to peer 0x55b702fec130 (13 bytes)
1716405317.535351 sending message 105 to peer 0x55b702fec130 (8 bytes)
1716405317.535381 sending message 105 to peer 0x55b702fec130 (19 bytes)
1716405317.535412 sending message 105 to peer 0x55b702fec130 (32 bytes)
1716405317.535444 sending message 105 to peer 0x55b702fec130 (1519 bytes)
1716405317.535484 sending message 105 to peer 0x55b702fec130 (15 bytes)
1716405317.535516 sending message 105 to peer 0x55b702fec130 (41 bytes)
1716405317.535547 sending message 105 to peer 0x55b702fec130 (11 bytes)
1716405317.535578 sending message 105 to peer 0x55b702fec130 (104 bytes)
1716405317.535609 sending message 105 to peer 0x55b702fec130 (38 bytes)
1716405317.535664 sending message 105 to peer 0x55b702fec130 (19 bytes)
1716405317.535696 sending message 105 to peer 0x55b702fec130 (8 bytes)
1716405317.535727 sending message 105 to peer 0x55b702fec130 (32 bytes)
1716405317.535758 sending message 105 to peer 0x55b702fec130 (50 bytes)
1716405317.535789 sending message 105 to peer 0x55b702fec130 (19 bytes)
1716405317.535819 sending message 105 to peer 0x55b702fec130 (19 bytes)
1716405317.535850 sending message 105 to peer 0x55b702fec130 (18 bytes)
1716405317.535882 sending message 105 to peer 0x55b702fec130 (26 bytes)
1716405317.535913 sending message 105 to peer 0x55b702fec130 (35 bytes)
1716405317.535944 sending message 105 to peer 0x55b702fec130 (38 bytes)
1716405317.535975 sending message 105 to peer 0x55b702fec130 (50 bytes)
1716405317.536006 sending message 105 to peer 0x55b702fec130 (13 bytes)
1716405317.536037 sending message 105 to peer 0x55b702fec130 (27 bytes)
1716405317.536068 sending message 105 to peer 0x55b702fec130 (35 bytes)
1716405317.536098 sending message 105 to peer 0x55b702fec130 (16 bytes)
1716405317.536129 sending message 105 to peer 0x55b702fec130 (31 bytes)
1716405317.536160 sending message 105 to peer 0x55b702fec130 (23 bytes)
1716405317.536192 sending message 105 to peer 0x55b702fec130 (17 bytes)
1716405317.536223 sending message 105 to peer 0x55b702fec130 (21 bytes)
1716405317.536253 sending message 105 to peer 0x55b702fec130 (32 bytes)
1716405317.536285 sending message 105 to peer 0x55b702fec130 (16 bytes)
1716405317.536316 sending message 106 to peer 0x55b702fec130 (0 bytes)
1716405317.536372 sending message 200 to peer 0x55b702fec130 (4 bytes)
1716405317.536401 client loop enter
1716405317.541645 peer 0x55b702fec130 message 303
1716405317.541699 open write file 2 -
1716405317.541743 sending message 305 to peer 0x55b702fec130 (8 bytes)
1716405317.541786 write check file 2
1716405317.542740 peer 0x55b702fec130 message 304
1716405317.542780 write 58 to file 2
1716405317.542810 peer 0x55b702fec130 message 203
1716405317.542837 file 2 58 bytes left
1716405317.542894 write check file 2
1716405317.542921 client loop exit
